#-----------------------------------------------------------
# Vivado v2017.3 (64-bit)
# SW Build 2018833 on Wed Oct  4 19:58:22 MDT 2017
# IP Build 2016188 on Wed Oct  4 21:52:56 MDT 2017
# Start of session at: Mon Sep  6 13:55:56 2021
# Process ID: 15304
# Current directory: F:/Project_tetris/uec2_projekt/vivado
# Command line: vivado.exe -mode tcl -source run.tcl -tclargs simulation
# Log file: F:/Project_tetris/uec2_projekt/vivado/vivado.log
# Journal file: F:/Project_tetris/uec2_projekt/vivado\vivado.jou
#-----------------------------------------------------------
source run.tcl
# set project Tetris
# set top_module vga_example
# set target xc7a35tcpg236-1
# set bitstream_file build/${project}.runs/impl_1/${top_module}.bit
# proc usage {} {
#     puts "usage: vivado -mode tcl -source [info script] -tclargs \[simulation/bitstream/program\]"
#     exit 1
# }
# if {($argc != 1) || ([lindex $argv 0] ni {"simulation" "bitstream" "program"})} {
#     usage
# }
# if {[lindex $argv 0] == "program"} {
#     open_hw
#     connect_hw_server
#     current_hw_target [get_hw_targets *]
#     open_hw_target
#     current_hw_device [lindex [get_hw_devices] 0]
#     refresh_hw_device -update_hw_probes false [lindex [get_hw_devices] 0]
# 
#     set_property PROBES.FILE {} [lindex [get_hw_devices] 0]
#     set_property FULL_PROBES.FILE {} [lindex [get_hw_devices] 0]
#     set_property PROGRAM.FILE ${bitstream_file} [lindex [get_hw_devices] 0]
# 
#     program_hw_devices [lindex [get_hw_devices] 0]
#     refresh_hw_device [lindex [get_hw_devices] 0]
#     
#     exit
# } else {
#     file mkdir build
#     create_project ${project} build -part ${target} -force
# }
# read_xdc {
#     constraints/vga_example.xdc
#     constraints/clk_wiz_0.xdc
# }
# read_verilog {
#     rtl/vga_example.v
#     rtl/vga_timing.v
#     rtl/draw_background.v
#     rtl/draw_rect.v
#     rtl/clk_wiz_0.v
#     rtl/clk_wiz_0_clk_wiz.v
#     rtl/draw_rect_ctl.v
#     rtl/debounce_u.v
#     rtl/d_ff.v
#     rtl/slow_clock_4Hz.v
#     rtl/fallen_blocks.v
#     rtl/random.v
#     rtl/draw_nxt_block.v
#     rtl/char_rom_16x16.v
#     rtl/draw_rect_char.v
#     rtl/font_rom.v
#     rtl/bin_to_BCD_converter.v
#     rtl/list_ch08_01_uart_rx.v
#     rtl/list_ch08_03_uart_tx.v
#     rtl/list_ch08_04_uart.v
#     rtl/list_ch04_11_mod_m_counter
# }
ERROR: [Common 17-69] Command failed: File 'F:/Project_tetris/uec2_projekt/vivado/rtl/list_ch04_11_mod_m_counter' does not exist
Vivado% 